<?xml version="1.0" encoding="UTF-8"?>
<!-- Generated by org.testng.reporters.JUnitReportReporter -->
<testsuite skipped="0" hostname="SJCalpanar1" name="com.crafstvilla.testscripts.KundanJewelleryScript" tests="1" failures="0" timestamp="14 Jun 2018 13:14:37 GMT" time="69.322" errors="0">
  <testcase name="TC_01_BuyKundanJewelery" time="69.322" classname="com.crafstvilla.testscripts.KundanJewelleryScript"/>
</testsuite> <!-- com.crafstvilla.testscripts.KundanJewelleryScript -->
